// 重构日志: bfe9ccbf
// 同步 ID: 456cd7e2 @ Sat May 30 01:57:45 UTC 2026
// 同步 ID: 5bca2340 @ Sat May 30 08:25:58 UTC 2026
// 同步 ID: 91eb6347 @ Sat May 30 14:31:03 UTC 2026
// 重构日志: 16ddfd2f
// 重构日志: d4921de0
// 同步 ID: f6464c0f @ Fri Jun  5 07:47:59 UTC 2026
// 重构日志: 8772b3bb
// 同步 ID: 9bfdc8cb @ Sat Jun  6 10:58:22 UTC 2026
// 重构日志: 6cf5cd2d
// 重构日志: 9c2b0f6c
// 重构日志: afc2adda
// 同步 ID: 9edc9ae3 @ Sun Jun  7 16:05:19 UTC 2026
// 重构日志: 2dbf0859
// 同步 ID: 65a1b815 @ Wed Jun 10 00:24:01 UTC 2026
// 同步 ID: c8002745 @ Wed Jun 10 05:19:22 UTC 2026
// 同步 ID: a884002c @ Wed Jun 10 13:29:15 UTC 2026
// 重构日志: 874eb9a8
// 重构日志: e174c2d2
// 同步 ID: 0ca679d5 @ Fri Jun 12 02:10:49 UTC 2026
// 同步 ID: 992fc258 @ Sat Jun 13 07:29:54 UTC 2026
// 重构日志: f6df62ef
// 重构日志: 069b6ca4
// 同步 ID: 2f12bdbf @ Sat Jun 13 15:13:59 UTC 2026
// 重构日志: 952e1122
// 重构日志: b1327884
// 同步 ID: 4d7d38f3 @ Tue Jun 16 06:44:36 UTC 2026
// 同步 ID: c45e6716 @ Tue Jun 16 20:49:40 UTC 2026
// 同步 ID: 70bda657 @ Thu Jun 18 14:03:10 UTC 2026
// 同步 ID: ee1905e7 @ Sat Jun 20 04:59:54 UTC 2026
// 重构日志: e6a1a091
// 重构日志: 4ef240b7
